Using pre-set license
Built from '2020.3/staging' branch; Version is '2020.3.4f1 (0abb6314276a) revision 703331'; Using compiler version '192528614'; Build Type 'Release'
OS: 'Windows 10 Pro; OS build 19044.1706; Version 2009; 64bit' Language: 'ja' Physical Memory: 16216 MB
BatchMode: 1, IsHumanControllingUs: 0, StartBugReporterOnCrash: 0, Is64bit: 1, IsPro: 0

 COMMAND LINE ARGUMENTS:
C:\Program Files\Unity\Hub\Editor\2020.3.4f1\Editor\Unity.exe
-adb2
-batchMode
-noUpm
-name
AssetImportWorker0
-projectPath
D:/Hokaze/Unity Project/Straight_Fo!!!
-logFile
Logs/AssetImportWorker0.log
-srvPort
53395
Successfully changed project path to: D:/Hokaze/Unity Project/Straight_Fo!!!
D:/Hokaze/Unity Project/Straight_Fo!!!
Using Asset Import Pipeline V2.
Refreshing native plugins compatible for Editor in 35.45 ms, found 3 plugins.
Preloading 0 native plugins for Editor in 0.00 ms.
Initialize engine version: 2020.3.4f1 (0abb6314276a)
[Subsystems] Discovering subsystems at path C:/Program Files/Unity/Hub/Editor/2020.3.4f1/Editor/Data/Resources/UnitySubsystems
[Subsystems] Discovering subsystems at path D:/Hokaze/Unity Project/Straight_Fo!!!/Assets
GfxDevice: creating device client; threaded=0
Direct3D:
    Version:  Direct3D 11.0 [level 11.1]
    Renderer: NVIDIA GeForce RTX 2060 (ID=0x1f15)
    Vendor:   
    VRAM:     5980 MB
    Driver:   30.0.15.1215
Initialize mono
Mono path[0] = 'C:/Program Files/Unity/Hub/Editor/2020.3.4f1/Editor/Data/Managed'
Mono path[1] = 'C:/Program Files/Unity/Hub/Editor/2020.3.4f1/Editor/Data/MonoBleedingEdge/lib/mono/unityjit'
Mono config path = 'C:/Program Files/Unity/Hub/Editor/2020.3.4f1/Editor/Data/MonoBleedingEdge/etc'
Using monoOptions --debugger-agent=transport=dt_socket,embedding=1,server=y,suspend=n,address=127.0.0.1:56636
Begin MonoManager ReloadAssembly
Registering precompiled unity dll's ...
Register platform support module: C:/Program Files/Unity/Hub/Editor/2020.3.4f1/Editor/Data/PlaybackEngines/WebGLSupport/UnityEditor.WebGL.Extensions.dll
Register platform support module: C:/Program Files/Unity/Hub/Editor/2020.3.4f1/Editor/Data/PlaybackEngines/WindowsStandaloneSupport/UnityEditor.WindowsStandalone.Extensions.dll
Registered in 0.002453 seconds.
Native extension for WindowsStandalone target not found
Native extension for WebGL target not found
Refreshing native plugins compatible for Editor in 27.19 ms, found 3 plugins.
Preloading 0 native plugins for Editor in 0.00 ms.
Mono: successfully reloaded assembly
- Completed reload, in  1.924 seconds
Platform modules already initialized, skipping
Registering precompiled user dll's ...
Registered in 0.000967 seconds.
Begin MonoManager ReloadAssembly
Native extension for WindowsStandalone target not found
Native extension for WebGL target not found
Refreshing native plugins compatible for Editor in 0.30 ms, found 3 plugins.
Preloading 0 native plugins for Editor in 0.00 ms.
Mono: successfully reloaded assembly
- Completed reload, in  0.736 seconds
Platform modules already initialized, skipping
========================================================================
Worker process is ready to serve import requests
Launched and connected shader compiler UnityShaderCompiler.exe after 0.06 seconds
Refreshing native plugins compatible for Editor in 0.28 ms, found 3 plugins.
Preloading 0 native plugins for Editor in 0.00 ms.
Unloading 1336 Unused Serialized files (Serialized files now loaded: 0)
System memory in use before: 139.7 MB.
System memory in use after: 139.8 MB.

Unloading 17 unused Assets to reduce memory usage. Loaded Objects now: 1780.
Total: 2.041900 ms (FindLiveObjects: 0.246400 ms CreateObjectMapping: 0.090000 ms MarkObjects: 1.621400 ms  DeleteObjects: 0.082800 ms)

========================================================================
Received Import Request.
  path: Assets/Scenes/Animation.unity
  artifactKey: Guid(db61b13b17332b046ac61de4d93eb695) Importer(815301076,1909f56bfc062723c751e8b465ee728b)
Start importing Assets/Scenes/Animation.unity using Guid(db61b13b17332b046ac61de4d93eb695) Importer(815301076,1909f56bfc062723c751e8b465ee728b)  -> (artifact id: '92009dd6f90cccec2677a746e265bbdb') in 0.013857 seconds
  Import took 0.016730 seconds .

========================================================================
Received Import Request.
  Time since last request: 0.340132 seconds.
  path: Assets/Scenes/Ball.unity
  artifactKey: Guid(3c1853bc17d2f734cb2b3806d1f7af46) Importer(815301076,1909f56bfc062723c751e8b465ee728b)
Start importing Assets/Scenes/Ball.unity using Guid(3c1853bc17d2f734cb2b3806d1f7af46) Importer(815301076,1909f56bfc062723c751e8b465ee728b)  -> (artifact id: 'c8e219528eefabfe6bce9da9f1d36f8d') in 0.005950 seconds
  Import took 0.009336 seconds .

========================================================================
Received Import Request.
  Time since last request: 2.630476 seconds.
  path: Assets/Scenes/MainGame.unity
  artifactKey: Guid(0916947c73b412c4f9f370744be8419e) Importer(815301076,1909f56bfc062723c751e8b465ee728b)
Start importing Assets/Scenes/MainGame.unity using Guid(0916947c73b412c4f9f370744be8419e) Importer(815301076,1909f56bfc062723c751e8b465ee728b)  -> (artifact id: '3bdbcf52dfbf1fa42f3a31c7bc7b06e3') in 0.005035 seconds
  Import took 0.008197 seconds .

========================================================================
Received Prepare
Registering precompiled user dll's ...
Registered in 0.001080 seconds.
Begin MonoManager ReloadAssembly
Native extension for WindowsStandalone target not found
Native extension for WebGL target not found
Refreshing native plugins compatible for Editor in 0.28 ms, found 3 plugins.
Preloading 0 native plugins for Editor in 0.00 ms.
Mono: successfully reloaded assembly
- Completed reload, in  0.700 seconds
Platform modules already initialized, skipping
Switching build target platform(5) subTarget(0) extendedPlatform(0) -> platform(13) subTarget(537395200) extendedPlatform(0)
Refreshing native plugins compatible for Editor in 0.31 ms, found 3 plugins.
Preloading 0 native plugins for Editor in 0.00 ms.
Unloading 1328 Unused Serialized files (Serialized files now loaded: 0)
System memory in use before: 138.8 MB.
System memory in use after: 138.8 MB.

Unloading 12 unused Assets to reduce memory usage. Loaded Objects now: 1783.
Total: 1.645000 ms (FindLiveObjects: 0.213800 ms CreateObjectMapping: 0.068400 ms MarkObjects: 1.291300 ms  DeleteObjects: 0.070500 ms)

AssetImportParameters requested are different than current active one (requested -> active):
  custom:graphics/normal-map-encoding: 01000000000000000000000000000000 -> 02000000000000000000000000000000
========================================================================
Received Import Request.
  Time since last request: 82.310013 seconds.
  path: Assets/Bom_Effect/Mesh
  artifactKey: Guid(63980bc01576f1c42806771390029821) Importer(815301076,1909f56bfc062723c751e8b465ee728b)
Start importing Assets/Bom_Effect/Mesh using Guid(63980bc01576f1c42806771390029821) Importer(815301076,1909f56bfc062723c751e8b465ee728b)  -> (artifact id: '1721761e63fcca73f9709831a81380f4') in 0.007125 seconds
  Import took 0.022127 seconds .

========================================================================
Received Import Request.
  Time since last request: 0.057486 seconds.
  path: Assets/Bom_Effect/Mesh/Bom_Mesh.fbx
  artifactKey: Guid(52d9ef0f60c238e4eb1fac13eb7333a6) Importer(815301076,1909f56bfc062723c751e8b465ee728b)
Start importing Assets/Bom_Effect/Mesh/Bom_Mesh.fbx using Guid(52d9ef0f60c238e4eb1fac13eb7333a6) Importer(815301076,1909f56bfc062723c751e8b465ee728b)  -> (artifact id: '616a438ac51684655c26546291eaf89a') in 0.152187 seconds
  Import took 0.154787 seconds .

========================================================================
Received Prepare
Registering precompiled user dll's ...
Registered in 0.000981 seconds.
Begin MonoManager ReloadAssembly
Native extension for WindowsStandalone target not found
Native extension for WebGL target not found
Refreshing native plugins compatible for Editor in 0.28 ms, found 3 plugins.
Preloading 0 native plugins for Editor in 0.00 ms.
Mono: successfully reloaded assembly
- Completed reload, in  0.709 seconds
Platform modules already initialized, skipping
Switching build target platform(5) subTarget(0) extendedPlatform(0) -> platform(13) subTarget(537395200) extendedPlatform(0)
Refreshing native plugins compatible for Editor in 0.28 ms, found 3 plugins.
Preloading 0 native plugins for Editor in 0.00 ms.
Unloading 1328 Unused Serialized files (Serialized files now loaded: 0)
System memory in use before: 142.3 MB.
System memory in use after: 142.3 MB.

Unloading 12 unused Assets to reduce memory usage. Loaded Objects now: 1829.
Total: 1.608800 ms (FindLiveObjects: 0.245700 ms CreateObjectMapping: 0.032000 ms MarkObjects: 1.289500 ms  DeleteObjects: 0.040400 ms)

AssetImportParameters requested are different than current active one (requested -> active):
  custom:graphics/normal-map-encoding: 01000000000000000000000000000000 -> 02000000000000000000000000000000
========================================================================
Received Prepare
Registering precompiled user dll's ...
Registered in 0.001424 seconds.
Begin MonoManager ReloadAssembly
Native extension for WindowsStandalone target not found
Native extension for WebGL target not found
Refreshing native plugins compatible for Editor in 0.28 ms, found 3 plugins.
Preloading 0 native plugins for Editor in 0.00 ms.
Mono: successfully reloaded assembly
- Completed reload, in  0.756 seconds
Platform modules already initialized, skipping
Switching build target platform(5) subTarget(0) extendedPlatform(0) -> platform(13) subTarget(537395200) extendedPlatform(0)
Refreshing native plugins compatible for Editor in 0.29 ms, found 3 plugins.
Preloading 0 native plugins for Editor in 0.00 ms.
Unloading 1328 Unused Serialized files (Serialized files now loaded: 0)
System memory in use before: 142.3 MB.
System memory in use after: 142.3 MB.

Unloading 12 unused Assets to reduce memory usage. Loaded Objects now: 1832.
Total: 2.486400 ms (FindLiveObjects: 0.276200 ms CreateObjectMapping: 0.047100 ms MarkObjects: 2.102700 ms  DeleteObjects: 0.059100 ms)

AssetImportParameters requested are different than current active one (requested -> active):
  custom:graphics/normal-map-encoding: 01000000000000000000000000000000 -> 02000000000000000000000000000000
========================================================================
Received Import Request.
  Time since last request: 177.089927 seconds.
  path: Assets/Effect/Tex/Explosion/02周.png
  artifactKey: Guid(8bc5b335c817d6c41a6a2d0711635231) Importer(815301076,1909f56bfc062723c751e8b465ee728b)
Start importing Assets/Effect/Tex/Explosion/02周.png using Guid(8bc5b335c817d6c41a6a2d0711635231) Importer(815301076,1909f56bfc062723c751e8b465ee728b)  -> (artifact id: 'f182c716c32930492f8787796f8c9954') in 0.058796 seconds
  Import took 0.061297 seconds .

========================================================================
Received Import Request.
  Time since last request: 0.000202 seconds.
  path: Assets/Effect/Tex/Explosion/05周り.png
  artifactKey: Guid(e92b28fb1f4364c4eb9b55bdfb4ef333) Importer(815301076,1909f56bfc062723c751e8b465ee728b)
Start importing Assets/Effect/Tex/Explosion/05周り.png using Guid(e92b28fb1f4364c4eb9b55bdfb4ef333) Importer(815301076,1909f56bfc062723c751e8b465ee728b)  -> (artifact id: '55b75e14f21695c34a72d60dc92f0c1c') in 0.014940 seconds
  Import took 0.017448 seconds .

========================================================================
Received Import Request.
  Time since last request: 0.000231 seconds.
  path: Assets/Effect/Tex/Explosion/03周り.png
  artifactKey: Guid(d983ac92c521a6c439a8cb36197896ce) Importer(815301076,1909f56bfc062723c751e8b465ee728b)
Start importing Assets/Effect/Tex/Explosion/03周り.png using Guid(d983ac92c521a6c439a8cb36197896ce) Importer(815301076,1909f56bfc062723c751e8b465ee728b)  -> (artifact id: 'ae7585e790cd7657b2705e2639647c77') in 0.015566 seconds
  Import took 0.018039 seconds .

========================================================================
Received Import Request.
  Time since last request: 0.000196 seconds.
  path: Assets/Effect/Tex/Explosion/06文字.png
  artifactKey: Guid(86fb2cc0a48f83e4b8d98c3272cd46aa) Importer(815301076,1909f56bfc062723c751e8b465ee728b)
Start importing Assets/Effect/Tex/Explosion/06文字.png using Guid(86fb2cc0a48f83e4b8d98c3272cd46aa) Importer(815301076,1909f56bfc062723c751e8b465ee728b)  -> (artifact id: '090049d86878b45c03a2d95f5893c200') in 0.009157 seconds
  Import took 0.011918 seconds .

========================================================================
Received Import Request.
  Time since last request: 0.000305 seconds.
  path: Assets/Effect/Tex/Explosion/06爆発.png
  artifactKey: Guid(bf60a5cf67131594fa8824b232bc6af0) Importer(815301076,1909f56bfc062723c751e8b465ee728b)
Start importing Assets/Effect/Tex/Explosion/06爆発.png using Guid(bf60a5cf67131594fa8824b232bc6af0) Importer(815301076,1909f56bfc062723c751e8b465ee728b)  -> (artifact id: 'f6bd6e1fbfe481f6fed158e57101d3ae') in 0.012369 seconds
  Import took 0.015203 seconds .

========================================================================
Received Import Request.
  Time since last request: 0.000199 seconds.
  path: Assets/Effect/Tex/Explosion/04喰らう.png
  artifactKey: Guid(080fb532588e9a04a9d3dc51ab541c66) Importer(815301076,1909f56bfc062723c751e8b465ee728b)
Start importing Assets/Effect/Tex/Explosion/04喰らう.png using Guid(080fb532588e9a04a9d3dc51ab541c66) Importer(815301076,1909f56bfc062723c751e8b465ee728b)  -> (artifact id: '82a7678d81edce1b5aa95645e143616a') in 0.019417 seconds
  Import took 0.021861 seconds .

========================================================================
Received Import Request.
  Time since last request: 0.000180 seconds.
  path: Assets/Effect/Tex/Explosion/02速.png
  artifactKey: Guid(55765e16f944bbb428a0db55c15f441e) Importer(815301076,1909f56bfc062723c751e8b465ee728b)
Start importing Assets/Effect/Tex/Explosion/02速.png using Guid(55765e16f944bbb428a0db55c15f441e) Importer(815301076,1909f56bfc062723c751e8b465ee728b)  -> (artifact id: 'a010d007d13bc1f446b257812754a4bc') in 0.013481 seconds
  Import took 0.015976 seconds .

========================================================================
Received Import Request.
  Time since last request: 0.000205 seconds.
  path: Assets/Effect/Tex/Explosion/03双.png
  artifactKey: Guid(faac2100e1ccbab4d8fa59c1c1bd5733) Importer(815301076,1909f56bfc062723c751e8b465ee728b)
Start importing Assets/Effect/Tex/Explosion/03双.png using Guid(faac2100e1ccbab4d8fa59c1c1bd5733) Importer(815301076,1909f56bfc062723c751e8b465ee728b)  -> (artifact id: '67e73680aafae6877ade0487391d4897') in 0.012457 seconds
  Import took 0.015650 seconds .

========================================================================
Received Import Request.
  Time since last request: 0.000346 seconds.
  path: Assets/Effect/Tex/Explosion/05突.png
  artifactKey: Guid(f6295d1a9eb3123489d90b042d7c6d74) Importer(815301076,1909f56bfc062723c751e8b465ee728b)
Start importing Assets/Effect/Tex/Explosion/05突.png using Guid(f6295d1a9eb3123489d90b042d7c6d74) Importer(815301076,1909f56bfc062723c751e8b465ee728b)  -> (artifact id: '4f232536ba8903bf37d5065e4561034c') in 0.010796 seconds
  Import took 0.013256 seconds .

========================================================================
Received Import Request.
  Time since last request: 0.000237 seconds.
  path: Assets/Effect/Tex/Explosion/04喰.png
  artifactKey: Guid(e8f61991585c38c4083e20a1fa6ad5e5) Importer(815301076,1909f56bfc062723c751e8b465ee728b)
Start importing Assets/Effect/Tex/Explosion/04喰.png using Guid(e8f61991585c38c4083e20a1fa6ad5e5) Importer(815301076,1909f56bfc062723c751e8b465ee728b)  -> (artifact id: '70801d55a6c54266bf857596d235630c') in 0.010183 seconds
  Import took 0.012902 seconds .

========================================================================
Received Import Request.
  Time since last request: 4.251052 seconds.
  path: Assets/FBX/Pac-Man
  artifactKey: Guid(20c9244f796d413479117e414ebaf86e) Importer(815301076,1909f56bfc062723c751e8b465ee728b)
Start importing Assets/FBX/Pac-Man using Guid(20c9244f796d413479117e414ebaf86e) Importer(815301076,1909f56bfc062723c751e8b465ee728b)  -> (artifact id: 'e6d3ecf78057d1e72aa541cf57d48e4b') in 0.005369 seconds
  Import took 0.021395 seconds .

========================================================================
Received Import Request.
  Time since last request: 32.182763 seconds.
  path: Assets/Prefabs/Prefab2/Start.prefab
  artifactKey: Guid(bc66bf3c964579140a97f5d13144de1a) Importer(815301076,1909f56bfc062723c751e8b465ee728b)
Start importing Assets/Prefabs/Prefab2/Start.prefab using Guid(bc66bf3c964579140a97f5d13144de1a) Importer(815301076,1909f56bfc062723c751e8b465ee728b)  -> (artifact id: 'ce9279d76d1c927945760dd5f443b87c') in 0.034326 seconds
  Import took 0.037022 seconds .

========================================================================
Received Import Request.
  Time since last request: 47.236184 seconds.
  path: Assets/images/Materials/Exit.mat
  artifactKey: Guid(c9af2b1a141eb46458d3f7ab76e4e5cc) Importer(815301076,1909f56bfc062723c751e8b465ee728b)
Start importing Assets/images/Materials/Exit.mat using Guid(c9af2b1a141eb46458d3f7ab76e4e5cc) Importer(815301076,1909f56bfc062723c751e8b465ee728b)  -> (artifact id: '3b44d46db916a44fa125d280633f995e') in 0.031778 seconds
  Import took 0.034440 seconds .

AssetImportWorkerClient::OnTransportError - code=2 error=End of file
